<?xml version="1.0" encoding="UTF-8"?>
<testsuite xmlns:xsi="http://www.w3.org/2001/XMLSchema-instance" xsi:noNamespaceSchemaLocation="https://maven.apache.org/surefire/maven-surefire-plugin/xsd/surefire-test-report-3.0.xsd" version="3.0" name="io.sim.AppTest" time="0.073" tests="1" errors="0" skipped="0" failures="0">
  <properties>
    <property name="java.specification.version" value="24"/>
    <property name="sun.cpu.isalist" value="amd64"/>
    <property name="sun.jnu.encoding" value="Cp1252"/>
    <property name="java.class.path" value="C:\Users\Enrique\Documents\UFLA\Automação Avançada\sumosimulator-main-V2\target\test-classes;C:\Users\Enrique\Documents\UFLA\Automação Avançada\sumosimulator-main-V2\target\classes;C:\Users\Enrique\.m2\repository\org\slf4j\slf4j-api\2.0.7\slf4j-api-2.0.7.jar;C:\Users\Enrique\.m2\repository\xerces\xercesImpl\2.12.2\xercesImpl-2.12.2.jar;C:\Users\Enrique\.m2\repository\xml-apis\xml-apis\1.4.01\xml-apis-1.4.01.jar;C:\Users\Enrique\.m2\repository\org\hamcrest\hamcrest-core\1.3\hamcrest-core-1.3.jar;C:\Users\Enrique\.m2\repository\junit\junit\4.13.2\junit-4.13.2.jar;C:\Users\Enrique\.m2\repository\io\sim\libsumo\1.18.0\libsumo-1.18.0.jar;C:\Users\Enrique\.m2\repository\io\sim\libsumo-sources\1.18.0\libsumo-sources-1.18.0.jar;C:\Users\Enrique\.m2\repository\io\sim\libtraci\1.18.0\libtraci-1.18.0.jar;C:\Users\Enrique\.m2\repository\io\sim\lisum-core\1.0.0\lisum-core-1.0.0.jar;C:\Users\Enrique\.m2\repository\io\sim\lisum-gui\1.0.0\lisum-gui-1.0.0.jar;C:\Users\Enrique\.m2\repository\io\sim\TraaS\1.0.0\TraaS-1.0.0.jar;C:\Users\Enrique\.m2\repository\com\google\code\gson\gson\2.13.0\gson-2.13.0.jar;C:\Users\Enrique\.m2\repository\com\google\errorprone\error_prone_annotations\2.37.0\error_prone_annotations-2.37.0.jar;C:\Users\Enrique\.m2\repository\org\apache\poi\poi-ooxml\5.2.2\poi-ooxml-5.2.2.jar;C:\Users\Enrique\.m2\repository\org\apache\poi\poi\5.2.2\poi-5.2.2.jar;C:\Users\Enrique\.m2\repository\commons-codec\commons-codec\1.15\commons-codec-1.15.jar;C:\Users\Enrique\.m2\repository\org\apache\commons\commons-math3\3.6.1\commons-math3-3.6.1.jar;C:\Users\Enrique\.m2\repository\com\zaxxer\SparseBitSet\1.2\SparseBitSet-1.2.jar;C:\Users\Enrique\.m2\repository\org\apache\poi\poi-ooxml-lite\5.2.2\poi-ooxml-lite-5.2.2.jar;C:\Users\Enrique\.m2\repository\org\apache\xmlbeans\xmlbeans\5.0.3\xmlbeans-5.0.3.jar;C:\Users\Enrique\.m2\repository\commons-io\commons-io\2.11.0\commons-io-2.11.0.jar;C:\Users\Enrique\.m2\repository\com\github\virtuald\curvesapi\1.07\curvesapi-1.07.jar;C:\Users\Enrique\.m2\repository\org\apache\logging\log4j\log4j-api\2.17.2\log4j-api-2.17.2.jar;C:\Users\Enrique\.m2\repository\org\apache\commons\commons-collections4\4.4\commons-collections4-4.4.jar;C:\Users\Enrique\.m2\repository\org\json\json\20230227\json-20230227.jar;C:\Users\Enrique\.m2\repository\org\ejml\ejml-all\0.41\ejml-all-0.41.jar;C:\Users\Enrique\.m2\repository\org\ejml\ejml-core\0.41\ejml-core-0.41.jar;C:\Users\Enrique\.m2\repository\org\ejml\ejml-fdense\0.41\ejml-fdense-0.41.jar;C:\Users\Enrique\.m2\repository\org\ejml\ejml-ddense\0.41\ejml-ddense-0.41.jar;C:\Users\Enrique\.m2\repository\org\ejml\ejml-cdense\0.41\ejml-cdense-0.41.jar;C:\Users\Enrique\.m2\repository\org\ejml\ejml-zdense\0.41\ejml-zdense-0.41.jar;C:\Users\Enrique\.m2\repository\org\ejml\ejml-dsparse\0.41\ejml-dsparse-0.41.jar;C:\Users\Enrique\.m2\repository\org\ejml\ejml-simple\0.41\ejml-simple-0.41.jar;C:\Users\Enrique\.m2\repository\org\ejml\ejml-fsparse\0.41\ejml-fsparse-0.41.jar;C:\Users\Enrique\.m2\repository\org\apache\commons\commons-compress\1.21\commons-compress-1.21.jar;"/>
    <property name="java.vm.vendor" value="Oracle Corporation"/>
    <property name="sun.arch.data.model" value="64"/>
    <property name="user.variant" value=""/>
    <property name="java.vendor.url" value="https://java.oracle.com/"/>
    <property name="user.timezone" value="America/Sao_Paulo"/>
    <property name="os.name" value="Windows 10"/>
    <property name="java.vm.specification.version" value="24"/>
    <property name="sun.java.launcher" value="SUN_STANDARD"/>
    <property name="user.country" value="BR"/>
    <property name="sun.boot.library.path" value="C:\Program Files\Java\jdk-24\bin"/>
    <property name="sun.java.command" value="C:\Users\Enrique\AppData\Local\Temp\surefire1895782694097010296\surefirebooter6464137968807233183.jar C:\Users\Enrique\AppData\Local\Temp\surefire1895782694097010296 2025-05-12T23-05-50_721-jvmRun1 surefire9193033133749529631tmp surefire_03942649838678502707tmp"/>
    <property name="jdk.debug" value="release"/>
    <property name="surefire.test.class.path" value="C:\Users\Enrique\Documents\UFLA\Automação Avançada\sumosimulator-main-V2\target\test-classes;C:\Users\Enrique\Documents\UFLA\Automação Avançada\sumosimulator-main-V2\target\classes;C:\Users\Enrique\.m2\repository\org\slf4j\slf4j-api\2.0.7\slf4j-api-2.0.7.jar;C:\Users\Enrique\.m2\repository\xerces\xercesImpl\2.12.2\xercesImpl-2.12.2.jar;C:\Users\Enrique\.m2\repository\xml-apis\xml-apis\1.4.01\xml-apis-1.4.01.jar;C:\Users\Enrique\.m2\repository\org\hamcrest\hamcrest-core\1.3\hamcrest-core-1.3.jar;C:\Users\Enrique\.m2\repository\junit\junit\4.13.2\junit-4.13.2.jar;C:\Users\Enrique\.m2\repository\io\sim\libsumo\1.18.0\libsumo-1.18.0.jar;C:\Users\Enrique\.m2\repository\io\sim\libsumo-sources\1.18.0\libsumo-sources-1.18.0.jar;C:\Users\Enrique\.m2\repository\io\sim\libtraci\1.18.0\libtraci-1.18.0.jar;C:\Users\Enrique\.m2\repository\io\sim\lisum-core\1.0.0\lisum-core-1.0.0.jar;C:\Users\Enrique\.m2\repository\io\sim\lisum-gui\1.0.0\lisum-gui-1.0.0.jar;C:\Users\Enrique\.m2\repository\io\sim\TraaS\1.0.0\TraaS-1.0.0.jar;C:\Users\Enrique\.m2\repository\com\google\code\gson\gson\2.13.0\gson-2.13.0.jar;C:\Users\Enrique\.m2\repository\com\google\errorprone\error_prone_annotations\2.37.0\error_prone_annotations-2.37.0.jar;C:\Users\Enrique\.m2\repository\org\apache\poi\poi-ooxml\5.2.2\poi-ooxml-5.2.2.jar;C:\Users\Enrique\.m2\repository\org\apache\poi\poi\5.2.2\poi-5.2.2.jar;C:\Users\Enrique\.m2\repository\commons-codec\commons-codec\1.15\commons-codec-1.15.jar;C:\Users\Enrique\.m2\repository\org\apache\commons\commons-math3\3.6.1\commons-math3-3.6.1.jar;C:\Users\Enrique\.m2\repository\com\zaxxer\SparseBitSet\1.2\SparseBitSet-1.2.jar;C:\Users\Enrique\.m2\repository\org\apache\poi\poi-ooxml-lite\5.2.2\poi-ooxml-lite-5.2.2.jar;C:\Users\Enrique\.m2\repository\org\apache\xmlbeans\xmlbeans\5.0.3\xmlbeans-5.0.3.jar;C:\Users\Enrique\.m2\repository\commons-io\commons-io\2.11.0\commons-io-2.11.0.jar;C:\Users\Enrique\.m2\repository\com\github\virtuald\curvesapi\1.07\curvesapi-1.07.jar;C:\Users\Enrique\.m2\repository\org\apache\logging\log4j\log4j-api\2.17.2\log4j-api-2.17.2.jar;C:\Users\Enrique\.m2\repository\org\apache\commons\commons-collections4\4.4\commons-collections4-4.4.jar;C:\Users\Enrique\.m2\repository\org\json\json\20230227\json-20230227.jar;C:\Users\Enrique\.m2\repository\org\ejml\ejml-all\0.41\ejml-all-0.41.jar;C:\Users\Enrique\.m2\repository\org\ejml\ejml-core\0.41\ejml-core-0.41.jar;C:\Users\Enrique\.m2\repository\org\ejml\ejml-fdense\0.41\ejml-fdense-0.41.jar;C:\Users\Enrique\.m2\repository\org\ejml\ejml-ddense\0.41\ejml-ddense-0.41.jar;C:\Users\Enrique\.m2\repository\org\ejml\ejml-cdense\0.41\ejml-cdense-0.41.jar;C:\Users\Enrique\.m2\repository\org\ejml\ejml-zdense\0.41\ejml-zdense-0.41.jar;C:\Users\Enrique\.m2\repository\org\ejml\ejml-dsparse\0.41\ejml-dsparse-0.41.jar;C:\Users\Enrique\.m2\repository\org\ejml\ejml-simple\0.41\ejml-simple-0.41.jar;C:\Users\Enrique\.m2\repository\org\ejml\ejml-fsparse\0.41\ejml-fsparse-0.41.jar;C:\Users\Enrique\.m2\repository\org\apache\commons\commons-compress\1.21\commons-compress-1.21.jar;"/>
    <property name="sun.cpu.endian" value="little"/>
    <property name="user.home" value="C:\Users\Enrique"/>
    <property name="user.language" value="pt"/>
    <property name="java.specification.vendor" value="Oracle Corporation"/>
    <property name="java.version.date" value="2025-03-18"/>
    <property name="java.home" value="C:\Program Files\Java\jdk-24"/>
    <property name="file.separator" value="\"/>
    <property name="basedir" value="C:\Users\Enrique\Documents\UFLA\Automação Avançada\sumosimulator-main-V2"/>
    <property name="java.vm.compressedOopsMode" value="32-bit"/>
    <property name="line.separator" value="&#10;"/>
    <property name="java.vm.specification.vendor" value="Oracle Corporation"/>
    <property name="java.specification.name" value="Java Platform API Specification"/>
    <property name="surefire.real.class.path" value="C:\Users\Enrique\AppData\Local\Temp\surefire1895782694097010296\surefirebooter6464137968807233183.jar"/>
    <property name="user.script" value=""/>
    <property name="sun.management.compiler" value="HotSpot 64-Bit Tiered Compilers"/>
    <property name="java.runtime.version" value="24+36-3646"/>
    <property name="user.name" value="Enrique"/>
    <property name="stdout.encoding" value="Cp1252"/>
    <property name="path.separator" value=";"/>
    <property name="os.version" value="10.0"/>
    <property name="java.runtime.name" value="Java(TM) SE Runtime Environment"/>
    <property name="file.encoding" value="UTF-8"/>
    <property name="java.vm.name" value="Java HotSpot(TM) 64-Bit Server VM"/>
    <property name="localRepository" value="C:\Users\Enrique\.m2\repository"/>
    <property name="java.vendor.url.bug" value="https://bugreport.java.com/bugreport/"/>
    <property name="java.io.tmpdir" value="C:\Users\Enrique\AppData\Local\Temp\"/>
    <property name="java.version" value="24"/>
    <property name="user.dir" value="C:\Users\Enrique\Documents\UFLA\Automação Avançada\sumosimulator-main-V2"/>
    <property name="os.arch" value="amd64"/>
    <property name="java.vm.specification.name" value="Java Virtual Machine Specification"/>
    <property name="sun.os.patch.level" value=""/>
    <property name="native.encoding" value="Cp1252"/>
    <property name="java.library.path" value="C:\Program Files\Java\jdk-24\bin;C:\Windows\Sun\Java\bin;C:\Windows\system32;C:\Windows;C:\Program Files\Common Files\Oracle\Java\javapath;C:\Windows\system32;C:\Windows;C:\Windows\System32\Wbem;C:\Windows\System32\WindowsPowerShell\v1.0\;C:\Windows\System32\OpenSSH\;C:\Program Files\Polyspace\R2021a\runtime\win64;C:\Program Files\Polyspace\R2021a\bin;C:\Program Files\Polyspace\R2021a\polyspace\bin;C:\Program Files (x86)\Eclipse\Sumo\bin\;C:\Program Files (x86)\Eclipse\Sumo\tools\;C:\Program Files\apache-maven-3.9.9\bin;C:\Program Files\Git\cmd;C:\Users\Enrique\AppData\Local\Programs\Python\Python313\Scripts\;C:\Users\Enrique\AppData\Local\Programs\Python\Python313\;C:\Users\Enrique\AppData\Local\Microsoft\WindowsApps;C:\Users\Enrique\AppData\Local\Programs\Microsoft VS Code\bin;C:\Program Files\apache-maven-3.9.9\bin;;c:\Users\Enrique\AppData\Roaming\Code\User\globalStorage\github.copilot-chat\debugCommand;."/>
    <property name="java.vm.info" value="mixed mode, sharing"/>
    <property name="stderr.encoding" value="Cp1252"/>
    <property name="java.vendor" value="Oracle Corporation"/>
    <property name="java.vm.version" value="24+36-3646"/>
    <property name="sun.io.unicode.encoding" value="UnicodeLittle"/>
    <property name="java.class.version" value="68.0"/>
  </properties>
  <testcase name="shouldAnswerWithTrue" classname="io.sim.AppTest" time="0.005"/>
</testsuite>